#
# There is insufficient memory for the Java Runtime Environment to continue.
# Native memory allocation (mmap) failed to map 87031808 bytes for committing reserved memory.
# Possible reasons:
#   The system is out of physical RAM or swap space
#   In 32 bit mode, the process size limit was hit
# Possible solutions:
#   Reduce memory load on the system
#   Increase physical memory or swap space
#   Check if swap backing store is full
#   Use 64 bit Java on a 64 bit OS
#   Decrease Java heap size (-Xmx/-Xms)
#   Decrease number of Java threads
#   Decrease Java thread stack sizes (-Xss)
#   Set larger code cache with -XX:ReservedCodeCacheSize=
# This output file may be truncated or incomplete.
#
#  Out of Memory Error (os_linux.cpp:2643), pid=11008, tid=0x00007f0aed71a700
#
# JRE version:  (8.0_171-b11) (build )
# Java VM: OpenJDK 64-Bit Server VM (25.171-b11 mixed mode linux-amd64 compressed oops)
# Failed to write core dump. Core dumps have been disabled. To enable core dumping, try "ulimit -c unlimited" before starting Java again
#

---------------  T H R E A D  ---------------

Current thread (0x00007f0ae4016000):  JavaThread "Unknown thread" [_thread_in_vm, id=11014, stack(0x00007f0aed61a000,0x00007f0aed71b000)]

Stack: [0x00007f0aed61a000,0x00007f0aed71b000],  sp=0x00007f0aed7195b0,  free space=1021k
Native frames: (J=compiled Java code, j=interpreted, Vv=VM code, C=native code)
V  [libjvm.so+0xaab4b2]
V  [libjvm.so+0x4d7a57]
V  [libjvm.so+0x8e6740]
V  [libjvm.so+0x8e0c9e]
V  [libjvm.so+0x9614b6]
V  [libjvm.so+0x963506]
V  [libjvm.so+0x2b2ed4]
V  [libjvm.so+0x90e441]
V  [libjvm.so+0xa6daaa]
V  [libjvm.so+0xa6dd95]
V  [libjvm.so+0x623d5f]
V  [libjvm.so+0xa514eb]
V  [libjvm.so+0x6a6db1]  JNI_CreateJavaVM+0x61
C  [libjli.so+0x2ce3]
C  [libjli.so+0x777d]
C  [libpthread.so.0+0x77fc]  start_thread+0xdc


---------------  P R O C E S S  ---------------

Java Threads: ( => current thread )

Other Threads:

=>0x00007f0ae4016000 (exited) JavaThread "Unknown thread" [_thread_in_vm, id=11014, stack(0x00007f0aed61a000,0x00007f0aed71b000)]

VM state:not at safepoint (not fully initialized)

VM Mutex/Monitor currently owned by a thread: None

GC Heap History (0 events):
No events

Deoptimization events (0 events):
No events

Classes redefined (0 events):
No events

Internal exceptions (0 events):
No events

Events (0 events):
No events


Dynamic libraries:
6c7200000-76d100000 ---p 00000000 00:00 0 
772400000-7c0000000 ---p 00000000 00:00 0 
55fe9328f000-55fe93290000 r-xp 00000000 08:02 12719698                   /usr/lib/jvm/java-8-openjdk-amd64/jre/bin/java
55fe9348f000-55fe93490000 r--p 00000000 08:02 12719698                   /usr/lib/jvm/java-8-openjdk-amd64/jre/bin/java
55fe93490000-55fe93491000 rw-p 00001000 08:02 12719698                   /usr/lib/jvm/java-8-openjdk-amd64/jre/bin/java
55fe941b0000-55fe941d1000 rw-p 00000000 00:00 0                          [heap]
7f0ad5000000-7f0ad5270000 rwxp 00000000 00:00 0 
7f0ad5270000-7f0ae4000000 ---p 00000000 00:00 0 
7f0ae4000000-7f0ae403c000 rw-p 00000000 00:00 0 
7f0ae403c000-7f0ae8000000 ---p 00000000 00:00 0 
7f0ae9451000-7f0ae9c18000 ---p 00000000 00:00 0 
7f0ae9c18000-7f0ae9c23000 rw-p 00000000 00:00 0 
7f0ae9c23000-7f0ae9fd9000 ---p 00000000 00:00 0 
7f0ae9fd9000-7f0ae9fe1000 r-xp 00000000 08:02 12851334                   /usr/lib/jvm/java-8-openjdk-amd64/jre/lib/amd64/libzip.so
7f0ae9fe1000-7f0aea1e0000 ---p 00008000 08:02 12851334                   /usr/lib/jvm/java-8-openjdk-amd64/jre/lib/amd64/libzip.so
7f0aea1e0000-7f0aea1e1000 r--p 00007000 08:02 12851334                   /usr/lib/jvm/java-8-openjdk-amd64/jre/lib/amd64/libzip.so
7f0aea1e1000-7f0aea1e2000 rw-p 00008000 08:02 12851334                   /usr/lib/jvm/java-8-openjdk-amd64/jre/lib/amd64/libzip.so
7f0aea1e2000-7f0aea1ed000 r-xp 00000000 08:02 15073374                   /lib/x86_64-linux-gnu/libnss_files-2.26.so
7f0aea1ed000-7f0aea3ec000 ---p 0000b000 08:02 15073374                   /lib/x86_64-linux-gnu/libnss_files-2.26.so
7f0aea3ec000-7f0aea3ed000 r--p 0000a000 08:02 15073374                   /lib/x86_64-linux-gnu/libnss_files-2.26.so
7f0aea3ed000-7f0aea3ee000 rw-p 0000b000 08:02 15073374                   /lib/x86_64-linux-gnu/libnss_files-2.26.so
7f0aea3ee000-7f0aea3f4000 rw-p 00000000 00:00 0 
7f0aea3f4000-7f0aea3ff000 r-xp 00000000 08:02 15073376                   /lib/x86_64-linux-gnu/libnss_nis-2.26.so
7f0aea3ff000-7f0aea5fe000 ---p 0000b000 08:02 15073376                   /lib/x86_64-linux-gnu/libnss_nis-2.26.so
7f0aea5fe000-7f0aea5ff000 r--p 0000a000 08:02 15073376                   /lib/x86_64-linux-gnu/libnss_nis-2.26.so
7f0aea5ff000-7f0aea600000 rw-p 0000b000 08:02 15073376                   /lib/x86_64-linux-gnu/libnss_nis-2.26.so
7f0aea600000-7f0aea617000 r-xp 00000000 08:02 15073371                   /lib/x86_64-linux-gnu/libnsl-2.26.so
7f0aea617000-7f0aea816000 ---p 00017000 08:02 15073371                   /lib/x86_64-linux-gnu/libnsl-2.26.so
7f0aea816000-7f0aea817000 r--p 00016000 08:02 15073371                   /lib/x86_64-linux-gnu/libnsl-2.26.so
7f0aea817000-7f0aea818000 rw-p 00017000 08:02 15073371                   /lib/x86_64-linux-gnu/libnsl-2.26.so
7f0aea818000-7f0aea81a000 rw-p 00000000 00:00 0 
7f0aea81a000-7f0aea822000 r-xp 00000000 08:02 15073372                   /lib/x86_64-linux-gnu/libnss_compat-2.26.so
7f0aea822000-7f0aeaa21000 ---p 00008000 08:02 15073372                   /lib/x86_64-linux-gnu/libnss_compat-2.26.so
7f0aeaa21000-7f0aeaa22000 r--p 00007000 08:02 15073372                   /lib/x86_64-linux-gnu/libnss_compat-2.26.so
7f0aeaa22000-7f0aeaa23000 rw-p 00008000 08:02 15073372                   /lib/x86_64-linux-gnu/libnss_compat-2.26.so
7f0aeaa23000-7f0aeaa51000 r-xp 00000000 08:02 12851315                   /usr/lib/jvm/java-8-openjdk-amd64/jre/lib/amd64/libjava.so
7f0aeaa51000-7f0aeac50000 ---p 0002e000 08:02 12851315                   /usr/lib/jvm/java-8-openjdk-amd64/jre/lib/amd64/libjava.so
7f0aeac50000-7f0aeac51000 r--p 0002d000 08:02 12851315                   /usr/lib/jvm/java-8-openjdk-amd64/jre/lib/amd64/libjava.so
7f0aeac51000-7f0aeac53000 rw-p 0002e000 08:02 12851315                   /usr/lib/jvm/java-8-openjdk-amd64/jre/lib/amd64/libjava.so
7f0aeac53000-7f0aeac63000 r-xp 00000000 08:02 12851333                   /usr/lib/jvm/java-8-openjdk-amd64/jre/lib/amd64/libverify.so
7f0aeac63000-7f0aeae62000 ---p 00010000 08:02 12851333                   /usr/lib/jvm/java-8-openjdk-amd64/jre/lib/amd64/libverify.so
7f0aeae62000-7f0aeae64000 r--p 0000f000 08:02 12851333                   /usr/lib/jvm/java-8-openjdk-amd64/jre/lib/amd64/libverify.so
7f0aeae64000-7f0aeae65000 rw-p 00011000 08:02 12851333                   /usr/lib/jvm/java-8-openjdk-amd64/jre/lib/amd64/libverify.so
7f0aeae65000-7f0aeae6c000 r-xp 00000000 08:02 15077778                   /lib/x86_64-linux-gnu/librt-2.26.so
7f0aeae6c000-7f0aeb06b000 ---p 00007000 08:02 15077778                   /lib/x86_64-linux-gnu/librt-2.26.so
7f0aeb06b000-7f0aeb06c000 r--p 00006000 08:02 15077778                   /lib/x86_64-linux-gnu/librt-2.26.so
7f0aeb06c000-7f0aeb06d000 rw-p 00007000 08:02 15077778                   /lib/x86_64-linux-gnu/librt-2.26.so
7f0aeb06d000-7f0aeb083000 r-xp 00000000 08:02 15073286                   /lib/x86_64-linux-gnu/libgcc_s.so.1
7f0aeb083000-7f0aeb282000 ---p 00016000 08:02 15073286                   /lib/x86_64-linux-gnu/libgcc_s.so.1
7f0aeb282000-7f0aeb283000 r--p 00015000 08:02 15073286                   /lib/x86_64-linux-gnu/libgcc_s.so.1
7f0aeb283000-7f0aeb284000 rw-p 00016000 08:02 15073286                   /lib/x86_64-linux-gnu/libgcc_s.so.1
7f0aeb284000-7f0aeb3d9000 r-xp 00000000 08:02 15073368                   /lib/x86_64-linux-gnu/libm-2.26.so
7f0aeb3d9000-7f0aeb5d8000 ---p 00155000 08:02 15073368                   /lib/x86_64-linux-gnu/libm-2.26.so
7f0aeb5d8000-7f0aeb5d9000 r--p 00154000 08:02 15073368                   /lib/x86_64-linux-gnu/libm-2.26.so
7f0aeb5d9000-7f0aeb5da000 rw-p 00155000 08:02 15073368                   /lib/x86_64-linux-gnu/libm-2.26.so
7f0aeb5da000-7f0aeb752000 r-xp 00000000 08:02 12583098                   /usr/lib/x86_64-linux-gnu/libstdc++.so.6.0.24
7f0aeb752000-7f0aeb951000 ---p 00178000 08:02 12583098                   /usr/lib/x86_64-linux-gnu/libstdc++.so.6.0.24
7f0aeb951000-7f0aeb95b000 r--p 00177000 08:02 12583098                   /usr/lib/x86_64-linux-gnu/libstdc++.so.6.0.24
7f0aeb95b000-7f0aeb95d000 rw-p 00181000 08:02 12583098                   /usr/lib/x86_64-linux-gnu/libstdc++.so.6.0.24
7f0aeb95d000-7f0aeb960000 rw-p 00000000 00:00 0 
7f0aeb960000-7f0aec5f1000 r-xp 00000000 08:02 12982400                   /usr/lib/jvm/java-8-openjdk-amd64/jre/lib/amd64/server/libjvm.so
7f0aec5f1000-7f0aec7f1000 ---p 00c91000 08:02 12982400                   /usr/lib/jvm/java-8-openjdk-amd64/jre/lib/amd64/server/libjvm.so
7f0aec7f1000-7f0aec884000 r--p 00c91000 08:02 12982400                   /usr/lib/jvm/java-8-openjdk-amd64/jre/lib/amd64/server/libjvm.so
7f0aec884000-7f0aec8ac000 rw-p 00d24000 08:02 12982400                   /usr/lib/jvm/java-8-openjdk-amd64/jre/lib/amd64/server/libjvm.so
7f0aec8ac000-7f0aec8dd000 rw-p 00000000 00:00 0 
7f0aec8dd000-7f0aec8f7000 r-xp 00000000 08:02 15077715                   /lib/x86_64-linux-gnu/libpthread-2.26.so
7f0aec8f7000-7f0aecaf6000 ---p 0001a000 08:02 15077715                   /lib/x86_64-linux-gnu/libpthread-2.26.so
7f0aecaf6000-7f0aecaf7000 r--p 00019000 08:02 15077715                   /lib/x86_64-linux-gnu/libpthread-2.26.so
7f0aecaf7000-7f0aecaf8000 rw-p 0001a000 08:02 15077715                   /lib/x86_64-linux-gnu/libpthread-2.26.so
7f0aecaf8000-7f0aecafc000 rw-p 00000000 00:00 0 
7f0aecafc000-7f0aecaff000 r-xp 00000000 08:02 15073367                   /lib/x86_64-linux-gnu/libdl-2.26.so
7f0aecaff000-7f0aeccfe000 ---p 00003000 08:02 15073367                   /lib/x86_64-linux-gnu/libdl-2.26.so
7f0aeccfe000-7f0aeccff000 r--p 00002000 08:02 15073367                   /lib/x86_64-linux-gnu/libdl-2.26.so
7f0aeccff000-7f0aecd00000 rw-p 00003000 08:02 15073367                   /lib/x86_64-linux-gnu/libdl-2.26.so
7f0aecd00000-7f0aecd1c000 r-xp 00000000 08:02 15078021                   /lib/x86_64-linux-gnu/libz.so.1.2.11
7f0aecd1c000-7f0aecf1b000 ---p 0001c000 08:02 15078021                   /lib/x86_64-linux-gnu/libz.so.1.2.11
7f0aecf1b000-7f0aecf1c000 r--p 0001b000 08:02 15078021                   /lib/x86_64-linux-gnu/libz.so.1.2.11
7f0aecf1c000-7f0aecf1d000 rw-p 0001c000 08:02 15078021                   /lib/x86_64-linux-gnu/libz.so.1.2.11
7f0aecf1d000-7f0aed0f3000 r-xp 00000000 08:02 15073364                   /lib/x86_64-linux-gnu/libc-2.26.so
7f0aed0f3000-7f0aed2f3000 ---p 001d6000 08:02 15073364                   /lib/x86_64-linux-gnu/libc-2.26.so
7f0aed2f3000-7f0aed2f7000 r--p 001d6000 08:02 15073364                   /lib/x86_64-linux-gnu/libc-2.26.so
7f0aed2f7000-7f0aed2f9000 rw-p 001da000 08:02 15073364                   /lib/x86_64-linux-gnu/libc-2.26.so
7f0aed2f9000-7f0aed2fd000 rw-p 00000000 00:00 0 
7f0aed2fd000-7f0aed30b000 r-xp 00000000 08:02 12851301                   /usr/lib/jvm/java-8-openjdk-amd64/jre/lib/amd64/jli/libjli.so
7f0aed30b000-7f0aed50a000 ---p 0000e000 08:02 12851301                   /usr/lib/jvm/java-8-openjdk-amd64/jre/lib/amd64/jli/libjli.so
7f0aed50a000-7f0aed50b000 r--p 0000d000 08:02 12851301                   /usr/lib/jvm/java-8-openjdk-amd64/jre/lib/amd64/jli/libjli.so
7f0aed50b000-7f0aed50c000 rw-p 0000e000 08:02 12851301                   /usr/lib/jvm/java-8-openjdk-amd64/jre/lib/amd64/jli/libjli.so
7f0aed50c000-7f0aed533000 r-xp 00000000 08:02 15073296                   /lib/x86_64-linux-gnu/ld-2.26.so
7f0aed61a000-7f0aed61d000 ---p 00000000 00:00 0 
7f0aed61d000-7f0aed71d000 rw-p 00000000 00:00 0 
7f0aed727000-7f0aed72f000 rw-s 00000000 08:02 10226765                   /tmp/hsperfdata_pal_user/11008
7f0aed72f000-7f0aed730000 rw-p 00000000 00:00 0 
7f0aed730000-7f0aed731000 r--p 00000000 00:00 0 
7f0aed731000-7f0aed733000 rw-p 00000000 00:00 0 
7f0aed733000-7f0aed734000 r--p 00027000 08:02 15073296                   /lib/x86_64-linux-gnu/ld-2.26.so
7f0aed734000-7f0aed735000 rw-p 00028000 08:02 15073296                   /lib/x86_64-linux-gnu/ld-2.26.so
7f0aed735000-7f0aed736000 rw-p 00000000 00:00 0 
7ffc88bf4000-7ffc88c1b000 rw-p 00000000 00:00 0                          [stack]
7ffc88c3d000-7ffc88c40000 r--p 00000000 00:00 0                          [vvar]
7ffc88c40000-7ffc88c42000 r-xp 00000000 00:00 0                          [vdso]
ffffffffff600000-ffffffffff601000 r-xp 00000000 00:00 0                  [vsyscall]

VM Arguments:
jvm_args: -Dfile.encoding=UTF-8 -Duser.country=US -Duser.language=en -Duser.variant 
java_command: io.pivotal.pal.tracker.registration.App
java_class_path (initial): /home/pal_user/workspace/pal-tracker-distributed/applications/registration-server/build/classes/java/main:/home/pal_user/workspace/pal-tracker-distributed/applications/registration-server/build/resources/main:/home/pal_user/workspace/pal-tracker-distributed/components/accounts/build/libs/accounts.jar:/home/pal_user/workspace/pal-tracker-distributed/components/projects/build/libs/projects.jar:/home/pal_user/workspace/pal-tracker-distributed/components/users/build/libs/users.jar:/home/pal_user/workspace/pal-tracker-distributed/components/rest-support/build/libs/rest-support.jar:/home/pal_user/.gradle/caches/modules-2/files-2.1/io.pivotal.spring.cloud/spring-cloud-services-starter-service-registry/1.6.0.RELEASE/37310db6ab4b3f47e9851d8f1f1c65cb37be2ad0/spring-cloud-services-starter-service-registry-1.6.0.RELEASE.jar:/home/pal_user/.gradle/caches/modules-2/files-2.1/org.springframework.cloud/spring-cloud-starter-netflix-eureka-client/1.4.0.RELEASE/9d70a14b1898c988259767b3be700fb1469c955a/spring-cloud-starter-netflix-eureka-client-1.4.0.RELEASE.jar:/home/pal_user/.gradle/caches/modules-2/files-2.1/io.pivotal.spring.cloud/spring-cloud-sso-connector/2.0.0.RELEASE/3baeeb61d30f435b132f2e03443e86b977c50e2c/spring-cloud-sso-connector-2.0.0.RELEASE.jar:/home/pal_user/.gradle/caches/modules-2/files-2.1/org.springframework.cloud/spring-cloud-starter-oauth2/1.2.0.RELEASE/ff0caf3431272b34e3d050f7dfcfc95944a0f112/spring-cloud-starter-oauth2-1.2.0.RELEASE.jar:/home/pal_user/.gradle/caches/modules-2/files-2.1/org.springframework.cloud/spring-cloud-starter-security/1.2.0.RELEASE/15ccb01dc7f2d98eea424e226153fde6df82641/spring-cloud-starter-security-1.2.0.RELEASE.jar:/home/pal_user/.gradle/caches/modules-2/files-2.1/org.springframework.cloud/spring-cloud-security/1.2.0.RELEASE/3534761e750f8ed2ca4633735160dc43f317beb0/spring-cloud-security-1.2.0.RELEASE.jar:/home/pal_user/.gradle/caches/modules-2/files-2.1/org.springframework.boot/spring-boot-starter-web/1.5.7.
Launcher Type: SUN_STANDARD

Environment Variables:
PATH=/usr/local/sbin:/usr/local/bin:/usr/sbin:/usr/bin:/sbin:/bin:/usr/games:/usr/local/games:/snap/bin:/home/pal_user/dev:/home/pal_user/dev/gradle/bin:/home/pal_user/dev/flyway
USERNAME=pal_user
SHELL=/bin/bash
DISPLAY=:0

Signal Handlers:
SIGSEGV: [libjvm.so+0xaabe00], sa_mask[0]=11111111011111111101111111111110, sa_flags=SA_RESTART|SA_SIGINFO
SIGBUS: [libjvm.so+0xaabe00], sa_mask[0]=11111111011111111101111111111110, sa_flags=SA_RESTART|SA_SIGINFO
SIGFPE: [libjvm.so+0x8e1dd0], sa_mask[0]=11111111011111111101111111111110, sa_flags=SA_RESTART|SA_SIGINFO
SIGPIPE: [libjvm.so+0x8e1dd0], sa_mask[0]=11111111011111111101111111111110, sa_flags=SA_RESTART|SA_SIGINFO
SIGXFSZ: [libjvm.so+0x8e1dd0], sa_mask[0]=11111111011111111101111111111110, sa_flags=SA_RESTART|SA_SIGINFO
SIGILL: [libjvm.so+0x8e1dd0], sa_mask[0]=11111111011111111101111111111110, sa_flags=SA_RESTART|SA_SIGINFO
SIGUSR1: SIG_DFL, sa_mask[0]=00000000000000000000000000000000, sa_flags=none
SIGUSR2: [libjvm.so+0x8e1c80], sa_mask[0]=00100000000000000000000000000000, sa_flags=SA_RESTART|SA_SIGINFO
SIGHUP: SIG_DFL, sa_mask[0]=00000000000000000000000000000000, sa_flags=none
SIGINT: SIG_DFL, sa_mask[0]=00000000000000000000000000000000, sa_flags=none
SIGTERM: SIG_DFL, sa_mask[0]=00000000000000000000000000000000, sa_flags=none
SIGQUIT: SIG_DFL, sa_mask[0]=00000000000000000000000000000000, sa_flags=none


---------------  S Y S T E M  ---------------

OS:DISTRIB_ID=Ubuntu
DISTRIB_RELEASE=17.10
DISTRIB_CODENAME=artful
DISTRIB_DESCRIPTION="Ubuntu 17.10"

uname:Linux 4.13.0-46-generic #51-Ubuntu SMP Tue Jun 12 12:36:29 UTC 2018 x86_64
libc:glibc 2.26 NPTL 2.26 
rlimit: STACK 8192k, CORE 0k, NPROC 62651, NOFILE 4096, AS infinity
load average:8.57 4.10 2.78

/proc/meminfo:
MemTotal:       16310148 kB
MemFree:          163724 kB
MemAvailable:      35972 kB
Buffers:            1596 kB
Cached:          2917444 kB
SwapCached:          388 kB
Active:         13054768 kB
Inactive:        2755976 kB
Active(anon):   13042376 kB
Inactive(anon):  2744196 kB
Active(file):      12392 kB
Inactive(file):    11780 kB
Unevictable:          16 kB
Mlocked:              16 kB
SwapTotal:       2097148 kB
SwapFree:              0 kB
Dirty:               712 kB
Writeback:             0 kB
AnonPages:      12891972 kB
Mapped:           506120 kB
Shmem:           2894264 kB
Slab:             154484 kB
SReclaimable:      67128 kB
SUnreclaim:        87356 kB
KernelStack:       25840 kB
PageTables:        84976 kB
NFS_Unstable:          0 kB
Bounce:                0 kB
WritebackTmp:          0 kB
CommitLimit:    10252220 kB
Committed_AS:   28840880 kB
VmallocTotal:   34359738367 kB
VmallocUsed:           0 kB
VmallocChunk:          0 kB
HardwareCorrupted:     0 kB
AnonHugePages:         0 kB
ShmemHugePages:        0 kB
ShmemPmdMapped:        0 kB
CmaTotal:              0 kB
CmaFree:               0 kB
HugePages_Total:       0
HugePages_Free:        0
HugePages_Rsvd:        0
HugePages_Surp:        0
Hugepagesize:       2048 kB
DirectMap4k:      256504 kB
DirectMap2M:    15362048 kB
DirectMap1G:     1048576 kB


CPU:total 4 (initial active 4) (2 cores per cpu, 2 threads per core) family 6 model 142 stepping 9, cmov, cx8, fxsr, mmx, sse, sse2, sse3, ssse3, sse4.1, sse4.2, popcnt, avx, avx2, aes, clmul, erms, 3dnowpref, lzcnt, ht, tsc, tscinvbit, bmi1, bmi2, adx

/proc/cpuinfo:
processor	: 0
vendor_id	: GenuineIntel
cpu family	: 6
model		: 142
model name	: Intel(R) Core(TM) i5-7260U CPU @ 2.20GHz
stepping	: 9
microcode	: 0x84
cpu MHz		: 3400.001
cache size	: 4096 KB
physical id	: 0
siblings	: 4
core id		: 0
cpu cores	: 2
apicid		: 0
initial apicid	: 0
fpu		: yes
fpu_exception	: yes
cpuid level	: 22
wp		: yes
flags		: fpu vme de pse tsc msr pae mce cx8 apic sep mtrr pge mca cmov pat pse36 clflush dts acpi mmx fxsr sse sse2 ss ht tm pbe syscall nx pdpe1gb rdtscp lm constant_tsc art arch_perfmon pebs bts rep_good nopl xtopology nonstop_tsc cpuid aperfmperf tsc_known_freq pni pclmulqdq dtes64 monitor ds_cpl vmx est tm2 ssse3 sdbg fma cx16 xtpr pdcm pcid sse4_1 sse4_2 x2apic movbe popcnt tsc_deadline_timer aes xsave avx f16c rdrand lahf_lm abm 3dnowprefetch cpuid_fault epb invpcid_single pti retpoline intel_pt rsb_ctxsw spec_ctrl tpr_shadow vnmi flexpriority ept vpid fsgsbase tsc_adjust bmi1 avx2 smep bmi2 erms invpcid mpx rdseed adx smap clflushopt xsaveopt xsavec xgetbv1 xsaves dtherm ida arat pln pts hwp hwp_notify hwp_act_window hwp_epp
bugs		: cpu_meltdown spectre_v1 spectre_v2 spec_store_bypass
bogomips	: 4416.00
clflush size	: 64
cache_alignment	: 64
address sizes	: 39 bits physical, 48 bits virtual
power management:

processor	: 1
vendor_id	: GenuineIntel
cpu family	: 6
model		: 142
model name	: Intel(R) Core(TM) i5-7260U CPU @ 2.20GHz
stepping	: 9
microcode	: 0x84
cpu MHz		: 3400.103
cache size	: 4096 KB
physical id	: 0
siblings	: 4
core id		: 1
cpu cores	: 2
apicid		: 2
initial apicid	: 2
fpu		: yes
fpu_exception	: yes
cpuid level	: 22
wp		: yes
flags		: fpu vme de pse tsc msr pae mce cx8 apic sep mtrr pge mca cmov pat pse36 clflush dts acpi mmx fxsr sse sse2 ss ht tm pbe syscall nx pdpe1gb rdtscp lm constant_tsc art arch_perfmon pebs bts rep_good nopl xtopology nonstop_tsc cpuid aperfmperf tsc_known_freq pni pclmulqdq dtes64 monitor ds_cpl vmx est tm2 ssse3 sdbg fma cx16 xtpr pdcm pcid sse4_1 sse4_2 x2apic movbe popcnt tsc_deadline_timer aes xsave avx f16c rdrand lahf_lm abm 3dnowprefetch cpuid_fault epb invpcid_single pti retpoline intel_pt rsb_ctxsw spec_ctrl tpr_shadow vnmi flexpriority ept vpid fsgsbase tsc_adjust bmi1 avx2 smep bmi2 erms invpcid mpx rdseed adx smap clflushopt xsaveopt xsavec xgetbv1 xsaves dtherm ida arat pln pts hwp hwp_notify hwp_act_window hwp_epp
bugs		: cpu_meltdown spectre_v1 spectre_v2 spec_store_bypass
bogomips	: 4416.00
clflush size	: 64
cache_alignment	: 64
address sizes	: 39 bits physical, 48 bits virtual
power management:

processor	: 2
vendor_id	: GenuineIntel
cpu family	: 6
model		: 142
model name	: Intel(R) Core(TM) i5-7260U CPU @ 2.20GHz
stepping	: 9
microcode	: 0x84
cpu MHz		: 3400.033
cache size	: 4096 KB
physical id	: 0
siblings	: 4
core id		: 0
cpu cores	: 2
apicid		: 1
initial apicid	: 1
fpu		: yes
fpu_exception	: yes
cpuid level	: 22
wp		: yes
flags		: fpu vme de pse tsc msr pae mce cx8 apic sep mtrr pge mca cmov pat pse36 clflush dts acpi mmx fxsr sse sse2 ss ht tm pbe syscall nx pdpe1gb rdtscp lm constant_tsc art arch_perfmon pebs bts rep_good nopl xtopology nonstop_tsc cpuid aperfmperf tsc_known_freq pni pclmulqdq dtes64 monitor ds_cpl vmx est tm2 ssse3 sdbg fma cx16 xtpr pdcm pcid sse4_1 sse4_2 x2apic movbe popcnt tsc_deadline_timer aes xsave avx f16c rdrand lahf_lm abm 3dnowprefetch cpuid_fault epb invpcid_single pti retpoline intel_pt rsb_ctxsw spec_ctrl tpr_shadow vnmi flexpriority ept vpid fsgsbase tsc_adjust bmi1 avx2 smep bmi2 erms invpcid mpx rdseed adx smap clflushopt xsaveopt xsavec xgetbv1 xsaves dtherm ida arat pln pts hwp hwp_notify hwp_act_window hwp_epp
bugs		: cpu_meltdown spectre_v1 spectre_v2 spec_store_bypass
bogomips	: 4416.00
clflush size	: 64
cache_alignment	: 64
address sizes	: 39 bits physical, 48 bits virtual
power management:

processor	: 3
vendor_id	: GenuineIntel
cpu family	: 6
model		: 142
model name	: Intel(R) Core(TM) i5-7260U CPU @ 2.20GHz
stepping	: 9
microcode	: 0x84
cpu MHz		: 3400.005
cache size	: 4096 KB
physical id	: 0
siblings	: 4
core id		: 1
cpu cores	: 2
apicid		: 3
initial apicid	: 3
fpu		: yes
fpu_exception	: yes
cpuid level	: 22
wp		: yes
flags		: fpu vme de pse tsc msr pae mce cx8 apic sep mtrr pge mca cmov pat pse36 clflush dts acpi mmx fxsr sse sse2 ss ht tm pbe syscall nx pdpe1gb rdtscp lm constant_tsc art arch_perfmon pebs bts rep_good nopl xtopology nonstop_tsc cpuid aperfmperf tsc_known_freq pni pclmulqdq dtes64 monitor ds_cpl vmx est tm2 ssse3 sdbg fma cx16 xtpr pdcm pcid sse4_1 sse4_2 x2apic movbe popcnt tsc_deadline_timer aes xsave avx f16c rdrand lahf_lm abm 3dnowprefetch cpuid_fault epb invpcid_single pti retpoline intel_pt rsb_ctxsw spec_ctrl tpr_shadow vnmi flexpriority ept vpid fsgsbase tsc_adjust bmi1 avx2 smep bmi2 erms invpcid mpx rdseed adx smap clflushopt xsaveopt xsavec xgetbv1 xsaves dtherm ida arat pln pts hwp hwp_notify hwp_act_window hwp_epp
bugs		: cpu_meltdown spectre_v1 spectre_v2 spec_store_bypass
bogomips	: 4416.00
clflush size	: 64
cache_alignment	: 64
address sizes	: 39 bits physical, 48 bits virtual
power management:



Memory: 4k page, physical 16310148k(163352k free), swap 2097148k(0k free)

vm_info: OpenJDK 64-Bit Server VM (25.171-b11) for linux-amd64 JRE (1.8.0_171-8u171-b11-0ubuntu0.17.10.1-b11), built on Apr 26 2018 15:59:34 by "buildd" with gcc 7.2.0

time: Tue Aug 21 15:01:39 2018
elapsed time: 0 seconds (0d 0h 0m 0s)

