#
# There is insufficient memory for the Java Runtime Environment to continue.
# Native memory allocation (mmap) failed to map 87031808 bytes for committing reserved memory.
# Possible reasons:
#   The system is out of physical RAM or swap space
#   In 32 bit mode, the process size limit was hit
# Possible solutions:
#   Reduce memory load on the system
#   Increase physical memory or swap space
#   Check if swap backing store is full
#   Use 64 bit Java on a 64 bit OS
#   Decrease Java heap size (-Xmx/-Xms)
#   Decrease number of Java threads
#   Decrease Java thread stack sizes (-Xss)
#   Set larger code cache with -XX:ReservedCodeCacheSize=
# This output file may be truncated or incomplete.
#
#  Out of Memory Error (os_linux.cpp:2643), pid=11110, tid=0x00007f139bda5700
#
# JRE version:  (8.0_171-b11) (build )
# Java VM: OpenJDK 64-Bit Server VM (25.171-b11 mixed mode linux-amd64 compressed oops)
# Failed to write core dump. Core dumps have been disabled. To enable core dumping, try "ulimit -c unlimited" before starting Java again
#

---------------  T H R E A D  ---------------

Current thread (0x00007f1394016000):  JavaThread "Unknown thread" [_thread_in_vm, id=11116, stack(0x00007f139bca5000,0x00007f139bda6000)]

Stack: [0x00007f139bca5000,0x00007f139bda6000],  sp=0x00007f139bda45b0,  free space=1021k
Native frames: (J=compiled Java code, j=interpreted, Vv=VM code, C=native code)
V  [libjvm.so+0xaab4b2]
V  [libjvm.so+0x4d7a57]
V  [libjvm.so+0x8e6740]
V  [libjvm.so+0x8e0c9e]
V  [libjvm.so+0x9614b6]
V  [libjvm.so+0x963506]
V  [libjvm.so+0x2b2ed4]
V  [libjvm.so+0x90e441]
V  [libjvm.so+0xa6daaa]
V  [libjvm.so+0xa6dd95]
V  [libjvm.so+0x623d5f]
V  [libjvm.so+0xa514eb]
V  [libjvm.so+0x6a6db1]  JNI_CreateJavaVM+0x61
C  [libjli.so+0x2ce3]
C  [libjli.so+0x777d]
C  [libpthread.so.0+0x77fc]  start_thread+0xdc


---------------  P R O C E S S  ---------------

Java Threads: ( => current thread )

Other Threads:

=>0x00007f1394016000 (exited) JavaThread "Unknown thread" [_thread_in_vm, id=11116, stack(0x00007f139bca5000,0x00007f139bda6000)]

VM state:not at safepoint (not fully initialized)

VM Mutex/Monitor currently owned by a thread: None

GC Heap History (0 events):
No events

Deoptimization events (0 events):
No events

Classes redefined (0 events):
No events

Internal exceptions (0 events):
No events

Events (0 events):
No events


Dynamic libraries:
6c7200000-76d100000 ---p 00000000 00:00 0 
772400000-7c0000000 ---p 00000000 00:00 0 
557454423000-557454424000 r-xp 00000000 08:02 12719698                   /usr/lib/jvm/java-8-openjdk-amd64/jre/bin/java
557454623000-557454624000 r--p 00000000 08:02 12719698                   /usr/lib/jvm/java-8-openjdk-amd64/jre/bin/java
557454624000-557454625000 rw-p 00001000 08:02 12719698                   /usr/lib/jvm/java-8-openjdk-amd64/jre/bin/java
557456395000-5574563b6000 rw-p 00000000 00:00 0                          [heap]
7f1384838000-7f1384fff000 ---p 00000000 00:00 0 
7f1384fff000-7f1385000000 rw-p 00000000 00:00 0 
7f1385000000-7f1385270000 rwxp 00000000 00:00 0 
7f1385270000-7f1394000000 ---p 00000000 00:00 0 
7f1394000000-7f139403c000 rw-p 00000000 00:00 0 
7f139403c000-7f1398000000 ---p 00000000 00:00 0 
7f13982a4000-7f13982ae000 rw-p 00000000 00:00 0 
7f13982ae000-7f1398664000 ---p 00000000 00:00 0 
7f1398664000-7f139866c000 r-xp 00000000 08:02 12851334                   /usr/lib/jvm/java-8-openjdk-amd64/jre/lib/amd64/libzip.so
7f139866c000-7f139886b000 ---p 00008000 08:02 12851334                   /usr/lib/jvm/java-8-openjdk-amd64/jre/lib/amd64/libzip.so
7f139886b000-7f139886c000 r--p 00007000 08:02 12851334                   /usr/lib/jvm/java-8-openjdk-amd64/jre/lib/amd64/libzip.so
7f139886c000-7f139886d000 rw-p 00008000 08:02 12851334                   /usr/lib/jvm/java-8-openjdk-amd64/jre/lib/amd64/libzip.so
7f139886d000-7f1398878000 r-xp 00000000 08:02 15073374                   /lib/x86_64-linux-gnu/libnss_files-2.26.so
7f1398878000-7f1398a77000 ---p 0000b000 08:02 15073374                   /lib/x86_64-linux-gnu/libnss_files-2.26.so
7f1398a77000-7f1398a78000 r--p 0000a000 08:02 15073374                   /lib/x86_64-linux-gnu/libnss_files-2.26.so
7f1398a78000-7f1398a79000 rw-p 0000b000 08:02 15073374                   /lib/x86_64-linux-gnu/libnss_files-2.26.so
7f1398a79000-7f1398a7f000 rw-p 00000000 00:00 0 
7f1398a7f000-7f1398a8a000 r-xp 00000000 08:02 15073376                   /lib/x86_64-linux-gnu/libnss_nis-2.26.so
7f1398a8a000-7f1398c89000 ---p 0000b000 08:02 15073376                   /lib/x86_64-linux-gnu/libnss_nis-2.26.so
7f1398c89000-7f1398c8a000 r--p 0000a000 08:02 15073376                   /lib/x86_64-linux-gnu/libnss_nis-2.26.so
7f1398c8a000-7f1398c8b000 rw-p 0000b000 08:02 15073376                   /lib/x86_64-linux-gnu/libnss_nis-2.26.so
7f1398c8b000-7f1398ca2000 r-xp 00000000 08:02 15073371                   /lib/x86_64-linux-gnu/libnsl-2.26.so
7f1398ca2000-7f1398ea1000 ---p 00017000 08:02 15073371                   /lib/x86_64-linux-gnu/libnsl-2.26.so
7f1398ea1000-7f1398ea2000 r--p 00016000 08:02 15073371                   /lib/x86_64-linux-gnu/libnsl-2.26.so
7f1398ea2000-7f1398ea3000 rw-p 00017000 08:02 15073371                   /lib/x86_64-linux-gnu/libnsl-2.26.so
7f1398ea3000-7f1398ea5000 rw-p 00000000 00:00 0 
7f1398ea5000-7f1398ead000 r-xp 00000000 08:02 15073372                   /lib/x86_64-linux-gnu/libnss_compat-2.26.so
7f1398ead000-7f13990ac000 ---p 00008000 08:02 15073372                   /lib/x86_64-linux-gnu/libnss_compat-2.26.so
7f13990ac000-7f13990ad000 r--p 00007000 08:02 15073372                   /lib/x86_64-linux-gnu/libnss_compat-2.26.so
7f13990ad000-7f13990ae000 rw-p 00008000 08:02 15073372                   /lib/x86_64-linux-gnu/libnss_compat-2.26.so
7f13990ae000-7f13990dc000 r-xp 00000000 08:02 12851315                   /usr/lib/jvm/java-8-openjdk-amd64/jre/lib/amd64/libjava.so
7f13990dc000-7f13992db000 ---p 0002e000 08:02 12851315                   /usr/lib/jvm/java-8-openjdk-amd64/jre/lib/amd64/libjava.so
7f13992db000-7f13992dc000 r--p 0002d000 08:02 12851315                   /usr/lib/jvm/java-8-openjdk-amd64/jre/lib/amd64/libjava.so
7f13992dc000-7f13992de000 rw-p 0002e000 08:02 12851315                   /usr/lib/jvm/java-8-openjdk-amd64/jre/lib/amd64/libjava.so
7f13992de000-7f13992ee000 r-xp 00000000 08:02 12851333                   /usr/lib/jvm/java-8-openjdk-amd64/jre/lib/amd64/libverify.so
7f13992ee000-7f13994ed000 ---p 00010000 08:02 12851333                   /usr/lib/jvm/java-8-openjdk-amd64/jre/lib/amd64/libverify.so
7f13994ed000-7f13994ef000 r--p 0000f000 08:02 12851333                   /usr/lib/jvm/java-8-openjdk-amd64/jre/lib/amd64/libverify.so
7f13994ef000-7f13994f0000 rw-p 00011000 08:02 12851333                   /usr/lib/jvm/java-8-openjdk-amd64/jre/lib/amd64/libverify.so
7f13994f0000-7f13994f7000 r-xp 00000000 08:02 15077778                   /lib/x86_64-linux-gnu/librt-2.26.so
7f13994f7000-7f13996f6000 ---p 00007000 08:02 15077778                   /lib/x86_64-linux-gnu/librt-2.26.so
7f13996f6000-7f13996f7000 r--p 00006000 08:02 15077778                   /lib/x86_64-linux-gnu/librt-2.26.so
7f13996f7000-7f13996f8000 rw-p 00007000 08:02 15077778                   /lib/x86_64-linux-gnu/librt-2.26.so
7f13996f8000-7f139970e000 r-xp 00000000 08:02 15073286                   /lib/x86_64-linux-gnu/libgcc_s.so.1
7f139970e000-7f139990d000 ---p 00016000 08:02 15073286                   /lib/x86_64-linux-gnu/libgcc_s.so.1
7f139990d000-7f139990e000 r--p 00015000 08:02 15073286                   /lib/x86_64-linux-gnu/libgcc_s.so.1
7f139990e000-7f139990f000 rw-p 00016000 08:02 15073286                   /lib/x86_64-linux-gnu/libgcc_s.so.1
7f139990f000-7f1399a64000 r-xp 00000000 08:02 15073368                   /lib/x86_64-linux-gnu/libm-2.26.so
7f1399a64000-7f1399c63000 ---p 00155000 08:02 15073368                   /lib/x86_64-linux-gnu/libm-2.26.so
7f1399c63000-7f1399c64000 r--p 00154000 08:02 15073368                   /lib/x86_64-linux-gnu/libm-2.26.so
7f1399c64000-7f1399c65000 rw-p 00155000 08:02 15073368                   /lib/x86_64-linux-gnu/libm-2.26.so
7f1399c65000-7f1399ddd000 r-xp 00000000 08:02 12583098                   /usr/lib/x86_64-linux-gnu/libstdc++.so.6.0.24
7f1399ddd000-7f1399fdc000 ---p 00178000 08:02 12583098                   /usr/lib/x86_64-linux-gnu/libstdc++.so.6.0.24
7f1399fdc000-7f1399fe6000 r--p 00177000 08:02 12583098                   /usr/lib/x86_64-linux-gnu/libstdc++.so.6.0.24
7f1399fe6000-7f1399fe8000 rw-p 00181000 08:02 12583098                   /usr/lib/x86_64-linux-gnu/libstdc++.so.6.0.24
7f1399fe8000-7f1399feb000 rw-p 00000000 00:00 0 
7f1399feb000-7f139ac7c000 r-xp 00000000 08:02 12982400                   /usr/lib/jvm/java-8-openjdk-amd64/jre/lib/amd64/server/libjvm.so
7f139ac7c000-7f139ae7c000 ---p 00c91000 08:02 12982400                   /usr/lib/jvm/java-8-openjdk-amd64/jre/lib/amd64/server/libjvm.so
7f139ae7c000-7f139af0f000 r--p 00c91000 08:02 12982400                   /usr/lib/jvm/java-8-openjdk-amd64/jre/lib/amd64/server/libjvm.so
7f139af0f000-7f139af37000 rw-p 00d24000 08:02 12982400                   /usr/lib/jvm/java-8-openjdk-amd64/jre/lib/amd64/server/libjvm.so
7f139af37000-7f139af68000 rw-p 00000000 00:00 0 
7f139af68000-7f139af82000 r-xp 00000000 08:02 15077715                   /lib/x86_64-linux-gnu/libpthread-2.26.so
7f139af82000-7f139b181000 ---p 0001a000 08:02 15077715                   /lib/x86_64-linux-gnu/libpthread-2.26.so
7f139b181000-7f139b182000 r--p 00019000 08:02 15077715                   /lib/x86_64-linux-gnu/libpthread-2.26.so
7f139b182000-7f139b183000 rw-p 0001a000 08:02 15077715                   /lib/x86_64-linux-gnu/libpthread-2.26.so
7f139b183000-7f139b187000 rw-p 00000000 00:00 0 
7f139b187000-7f139b18a000 r-xp 00000000 08:02 15073367                   /lib/x86_64-linux-gnu/libdl-2.26.so
7f139b18a000-7f139b389000 ---p 00003000 08:02 15073367                   /lib/x86_64-linux-gnu/libdl-2.26.so
7f139b389000-7f139b38a000 r--p 00002000 08:02 15073367                   /lib/x86_64-linux-gnu/libdl-2.26.so
7f139b38a000-7f139b38b000 rw-p 00003000 08:02 15073367                   /lib/x86_64-linux-gnu/libdl-2.26.so
7f139b38b000-7f139b3a7000 r-xp 00000000 08:02 15078021                   /lib/x86_64-linux-gnu/libz.so.1.2.11
7f139b3a7000-7f139b5a6000 ---p 0001c000 08:02 15078021                   /lib/x86_64-linux-gnu/libz.so.1.2.11
7f139b5a6000-7f139b5a7000 r--p 0001b000 08:02 15078021                   /lib/x86_64-linux-gnu/libz.so.1.2.11
7f139b5a7000-7f139b5a8000 rw-p 0001c000 08:02 15078021                   /lib/x86_64-linux-gnu/libz.so.1.2.11
7f139b5a8000-7f139b77e000 r-xp 00000000 08:02 15073364                   /lib/x86_64-linux-gnu/libc-2.26.so
7f139b77e000-7f139b97e000 ---p 001d6000 08:02 15073364                   /lib/x86_64-linux-gnu/libc-2.26.so
7f139b97e000-7f139b982000 r--p 001d6000 08:02 15073364                   /lib/x86_64-linux-gnu/libc-2.26.so
7f139b982000-7f139b984000 rw-p 001da000 08:02 15073364                   /lib/x86_64-linux-gnu/libc-2.26.so
7f139b984000-7f139b988000 rw-p 00000000 00:00 0 
7f139b988000-7f139b996000 r-xp 00000000 08:02 12851301                   /usr/lib/jvm/java-8-openjdk-amd64/jre/lib/amd64/jli/libjli.so
7f139b996000-7f139bb95000 ---p 0000e000 08:02 12851301                   /usr/lib/jvm/java-8-openjdk-amd64/jre/lib/amd64/jli/libjli.so
7f139bb95000-7f139bb96000 r--p 0000d000 08:02 12851301                   /usr/lib/jvm/java-8-openjdk-amd64/jre/lib/amd64/jli/libjli.so
7f139bb96000-7f139bb97000 rw-p 0000e000 08:02 12851301                   /usr/lib/jvm/java-8-openjdk-amd64/jre/lib/amd64/jli/libjli.so
7f139bb97000-7f139bbbe000 r-xp 00000000 08:02 15073296                   /lib/x86_64-linux-gnu/ld-2.26.so
7f139bca5000-7f139bca8000 ---p 00000000 00:00 0 
7f139bca8000-7f139bda8000 rw-p 00000000 00:00 0 
7f139bdb2000-7f139bdba000 rw-s 00000000 08:02 10226765                   /tmp/hsperfdata_pal_user/11110
7f139bdba000-7f139bdbb000 rw-p 00000000 00:00 0 
7f139bdbb000-7f139bdbc000 r--p 00000000 00:00 0 
7f139bdbc000-7f139bdbe000 rw-p 00000000 00:00 0 
7f139bdbe000-7f139bdbf000 r--p 00027000 08:02 15073296                   /lib/x86_64-linux-gnu/ld-2.26.so
7f139bdbf000-7f139bdc0000 rw-p 00028000 08:02 15073296                   /lib/x86_64-linux-gnu/ld-2.26.so
7f139bdc0000-7f139bdc1000 rw-p 00000000 00:00 0 
7fffcbb82000-7fffcbba9000 rw-p 00000000 00:00 0                          [stack]
7fffcbbf9000-7fffcbbfc000 r--p 00000000 00:00 0                          [vvar]
7fffcbbfc000-7fffcbbfe000 r-xp 00000000 00:00 0                          [vdso]
ffffffffff600000-ffffffffff601000 r-xp 00000000 00:00 0                  [vsyscall]

VM Arguments:
jvm_args: -Dfile.encoding=UTF-8 -Duser.country=US -Duser.language=en -Duser.variant 
java_command: io.pivotal.pal.tracker.registration.App
java_class_path (initial): /home/pal_user/workspace/pal-tracker-distributed/applications/registration-server/build/classes/java/main:/home/pal_user/workspace/pal-tracker-distributed/applications/registration-server/build/resources/main:/home/pal_user/workspace/pal-tracker-distributed/components/accounts/build/libs/accounts.jar:/home/pal_user/workspace/pal-tracker-distributed/components/projects/build/libs/projects.jar:/home/pal_user/workspace/pal-tracker-distributed/components/users/build/libs/users.jar:/home/pal_user/workspace/pal-tracker-distributed/components/rest-support/build/libs/rest-support.jar:/home/pal_user/.gradle/caches/modules-2/files-2.1/io.pivotal.spring.cloud/spring-cloud-services-starter-service-registry/1.6.0.RELEASE/37310db6ab4b3f47e9851d8f1f1c65cb37be2ad0/spring-cloud-services-starter-service-registry-1.6.0.RELEASE.jar:/home/pal_user/.gradle/caches/modules-2/files-2.1/org.springframework.cloud/spring-cloud-starter-netflix-eureka-client/1.4.0.RELEASE/9d70a14b1898c988259767b3be700fb1469c955a/spring-cloud-starter-netflix-eureka-client-1.4.0.RELEASE.jar:/home/pal_user/.gradle/caches/modules-2/files-2.1/io.pivotal.spring.cloud/spring-cloud-sso-connector/2.0.0.RELEASE/3baeeb61d30f435b132f2e03443e86b977c50e2c/spring-cloud-sso-connector-2.0.0.RELEASE.jar:/home/pal_user/.gradle/caches/modules-2/files-2.1/org.springframework.cloud/spring-cloud-starter-oauth2/1.2.0.RELEASE/ff0caf3431272b34e3d050f7dfcfc95944a0f112/spring-cloud-starter-oauth2-1.2.0.RELEASE.jar:/home/pal_user/.gradle/caches/modules-2/files-2.1/org.springframework.cloud/spring-cloud-starter-security/1.2.0.RELEASE/15ccb01dc7f2d98eea424e226153fde6df82641/spring-cloud-starter-security-1.2.0.RELEASE.jar:/home/pal_user/.gradle/caches/modules-2/files-2.1/org.springframework.cloud/spring-cloud-security/1.2.0.RELEASE/3534761e750f8ed2ca4633735160dc43f317beb0/spring-cloud-security-1.2.0.RELEASE.jar:/home/pal_user/.gradle/caches/modules-2/files-2.1/org.springframework.boot/spring-boot-starter-web/1.5.7.
Launcher Type: SUN_STANDARD

Environment Variables:
PATH=/usr/local/sbin:/usr/local/bin:/usr/sbin:/usr/bin:/sbin:/bin:/usr/games:/usr/local/games:/snap/bin:/home/pal_user/dev:/home/pal_user/dev/gradle/bin:/home/pal_user/dev/flyway
USERNAME=pal_user
SHELL=/bin/bash
DISPLAY=:0

Signal Handlers:
SIGSEGV: [libjvm.so+0xaabe00], sa_mask[0]=11111111011111111101111111111110, sa_flags=SA_RESTART|SA_SIGINFO
SIGBUS: [libjvm.so+0xaabe00], sa_mask[0]=11111111011111111101111111111110, sa_flags=SA_RESTART|SA_SIGINFO
SIGFPE: [libjvm.so+0x8e1dd0], sa_mask[0]=11111111011111111101111111111110, sa_flags=SA_RESTART|SA_SIGINFO
SIGPIPE: [libjvm.so+0x8e1dd0], sa_mask[0]=11111111011111111101111111111110, sa_flags=SA_RESTART|SA_SIGINFO
SIGXFSZ: [libjvm.so+0x8e1dd0], sa_mask[0]=11111111011111111101111111111110, sa_flags=SA_RESTART|SA_SIGINFO
SIGILL: [libjvm.so+0x8e1dd0], sa_mask[0]=11111111011111111101111111111110, sa_flags=SA_RESTART|SA_SIGINFO
SIGUSR1: SIG_DFL, sa_mask[0]=00000000000000000000000000000000, sa_flags=none
SIGUSR2: [libjvm.so+0x8e1c80], sa_mask[0]=00100000000000000000000000000000, sa_flags=SA_RESTART|SA_SIGINFO
SIGHUP: SIG_DFL, sa_mask[0]=00000000000000000000000000000000, sa_flags=none
SIGINT: SIG_DFL, sa_mask[0]=00000000000000000000000000000000, sa_flags=none
SIGTERM: SIG_DFL, sa_mask[0]=00000000000000000000000000000000, sa_flags=none
SIGQUIT: SIG_DFL, sa_mask[0]=00000000000000000000000000000000, sa_flags=none


---------------  S Y S T E M  ---------------

OS:DISTRIB_ID=Ubuntu
DISTRIB_RELEASE=17.10
DISTRIB_CODENAME=artful
DISTRIB_DESCRIPTION="Ubuntu 17.10"

uname:Linux 4.13.0-46-generic #51-Ubuntu SMP Tue Jun 12 12:36:29 UTC 2018 x86_64
libc:glibc 2.26 NPTL 2.26 
rlimit: STACK 8192k, CORE 0k, NPROC 62651, NOFILE 4096, AS infinity
load average:3.22 3.38 2.64

/proc/meminfo:
MemTotal:       16310148 kB
MemFree:          159128 kB
MemAvailable:      29716 kB
Buffers:            1444 kB
Cached:          2896596 kB
SwapCached:          388 kB
Active:         13061692 kB
Inactive:        2753460 kB
Active(anon):   13050900 kB
Inactive(anon):  2742980 kB
Active(file):      10792 kB
Inactive(file):    10480 kB
Unevictable:          16 kB
Mlocked:              16 kB
SwapTotal:       2097148 kB
SwapFree:              0 kB
Dirty:                84 kB
Writeback:             0 kB
AnonPages:      12917076 kB
Mapped:           504580 kB
Shmem:           2876432 kB
Slab:             154008 kB
SReclaimable:      66708 kB
SUnreclaim:        87300 kB
KernelStack:       25648 kB
PageTables:        85124 kB
NFS_Unstable:          0 kB
Bounce:                0 kB
WritebackTmp:          0 kB
CommitLimit:    10252220 kB
Committed_AS:   28829240 kB
VmallocTotal:   34359738367 kB
VmallocUsed:           0 kB
VmallocChunk:          0 kB
HardwareCorrupted:     0 kB
AnonHugePages:         0 kB
ShmemHugePages:        0 kB
ShmemPmdMapped:        0 kB
CmaTotal:              0 kB
CmaFree:               0 kB
HugePages_Total:       0
HugePages_Free:        0
HugePages_Rsvd:        0
HugePages_Surp:        0
Hugepagesize:       2048 kB
DirectMap4k:      256504 kB
DirectMap2M:    15362048 kB
DirectMap1G:     1048576 kB


CPU:total 4 (initial active 4) (2 cores per cpu, 2 threads per core) family 6 model 142 stepping 9, cmov, cx8, fxsr, mmx, sse, sse2, sse3, ssse3, sse4.1, sse4.2, popcnt, avx, avx2, aes, clmul, erms, 3dnowpref, lzcnt, ht, tsc, tscinvbit, bmi1, bmi2, adx

/proc/cpuinfo:
processor	: 0
vendor_id	: GenuineIntel
cpu family	: 6
model		: 142
model name	: Intel(R) Core(TM) i5-7260U CPU @ 2.20GHz
stepping	: 9
microcode	: 0x84
cpu MHz		: 3400.000
cache size	: 4096 KB
physical id	: 0
siblings	: 4
core id		: 0
cpu cores	: 2
apicid		: 0
initial apicid	: 0
fpu		: yes
fpu_exception	: yes
cpuid level	: 22
wp		: yes
flags		: fpu vme de pse tsc msr pae mce cx8 apic sep mtrr pge mca cmov pat pse36 clflush dts acpi mmx fxsr sse sse2 ss ht tm pbe syscall nx pdpe1gb rdtscp lm constant_tsc art arch_perfmon pebs bts rep_good nopl xtopology nonstop_tsc cpuid aperfmperf tsc_known_freq pni pclmulqdq dtes64 monitor ds_cpl vmx est tm2 ssse3 sdbg fma cx16 xtpr pdcm pcid sse4_1 sse4_2 x2apic movbe popcnt tsc_deadline_timer aes xsave avx f16c rdrand lahf_lm abm 3dnowprefetch cpuid_fault epb invpcid_single pti retpoline intel_pt rsb_ctxsw spec_ctrl tpr_shadow vnmi flexpriority ept vpid fsgsbase tsc_adjust bmi1 avx2 smep bmi2 erms invpcid mpx rdseed adx smap clflushopt xsaveopt xsavec xgetbv1 xsaves dtherm ida arat pln pts hwp hwp_notify hwp_act_window hwp_epp
bugs		: cpu_meltdown spectre_v1 spectre_v2 spec_store_bypass
bogomips	: 4416.00
clflush size	: 64
cache_alignment	: 64
address sizes	: 39 bits physical, 48 bits virtual
power management:

processor	: 1
vendor_id	: GenuineIntel
cpu family	: 6
model		: 142
model name	: Intel(R) Core(TM) i5-7260U CPU @ 2.20GHz
stepping	: 9
microcode	: 0x84
cpu MHz		: 3399.996
cache size	: 4096 KB
physical id	: 0
siblings	: 4
core id		: 1
cpu cores	: 2
apicid		: 2
initial apicid	: 2
fpu		: yes
fpu_exception	: yes
cpuid level	: 22
wp		: yes
flags		: fpu vme de pse tsc msr pae mce cx8 apic sep mtrr pge mca cmov pat pse36 clflush dts acpi mmx fxsr sse sse2 ss ht tm pbe syscall nx pdpe1gb rdtscp lm constant_tsc art arch_perfmon pebs bts rep_good nopl xtopology nonstop_tsc cpuid aperfmperf tsc_known_freq pni pclmulqdq dtes64 monitor ds_cpl vmx est tm2 ssse3 sdbg fma cx16 xtpr pdcm pcid sse4_1 sse4_2 x2apic movbe popcnt tsc_deadline_timer aes xsave avx f16c rdrand lahf_lm abm 3dnowprefetch cpuid_fault epb invpcid_single pti retpoline intel_pt rsb_ctxsw spec_ctrl tpr_shadow vnmi flexpriority ept vpid fsgsbase tsc_adjust bmi1 avx2 smep bmi2 erms invpcid mpx rdseed adx smap clflushopt xsaveopt xsavec xgetbv1 xsaves dtherm ida arat pln pts hwp hwp_notify hwp_act_window hwp_epp
bugs		: cpu_meltdown spectre_v1 spectre_v2 spec_store_bypass
bogomips	: 4416.00
clflush size	: 64
cache_alignment	: 64
address sizes	: 39 bits physical, 48 bits virtual
power management:

processor	: 2
vendor_id	: GenuineIntel
cpu family	: 6
model		: 142
model name	: Intel(R) Core(TM) i5-7260U CPU @ 2.20GHz
stepping	: 9
microcode	: 0x84
cpu MHz		: 3399.995
cache size	: 4096 KB
physical id	: 0
siblings	: 4
core id		: 0
cpu cores	: 2
apicid		: 1
initial apicid	: 1
fpu		: yes
fpu_exception	: yes
cpuid level	: 22
wp		: yes
flags		: fpu vme de pse tsc msr pae mce cx8 apic sep mtrr pge mca cmov pat pse36 clflush dts acpi mmx fxsr sse sse2 ss ht tm pbe syscall nx pdpe1gb rdtscp lm constant_tsc art arch_perfmon pebs bts rep_good nopl xtopology nonstop_tsc cpuid aperfmperf tsc_known_freq pni pclmulqdq dtes64 monitor ds_cpl vmx est tm2 ssse3 sdbg fma cx16 xtpr pdcm pcid sse4_1 sse4_2 x2apic movbe popcnt tsc_deadline_timer aes xsave avx f16c rdrand lahf_lm abm 3dnowprefetch cpuid_fault epb invpcid_single pti retpoline intel_pt rsb_ctxsw spec_ctrl tpr_shadow vnmi flexpriority ept vpid fsgsbase tsc_adjust bmi1 avx2 smep bmi2 erms invpcid mpx rdseed adx smap clflushopt xsaveopt xsavec xgetbv1 xsaves dtherm ida arat pln pts hwp hwp_notify hwp_act_window hwp_epp
bugs		: cpu_meltdown spectre_v1 spectre_v2 spec_store_bypass
bogomips	: 4416.00
clflush size	: 64
cache_alignment	: 64
address sizes	: 39 bits physical, 48 bits virtual
power management:

processor	: 3
vendor_id	: GenuineIntel
cpu family	: 6
model		: 142
model name	: Intel(R) Core(TM) i5-7260U CPU @ 2.20GHz
stepping	: 9
microcode	: 0x84
cpu MHz		: 3400.001
cache size	: 4096 KB
physical id	: 0
siblings	: 4
core id		: 1
cpu cores	: 2
apicid		: 3
initial apicid	: 3
fpu		: yes
fpu_exception	: yes
cpuid level	: 22
wp		: yes
flags		: fpu vme de pse tsc msr pae mce cx8 apic sep mtrr pge mca cmov pat pse36 clflush dts acpi mmx fxsr sse sse2 ss ht tm pbe syscall nx pdpe1gb rdtscp lm constant_tsc art arch_perfmon pebs bts rep_good nopl xtopology nonstop_tsc cpuid aperfmperf tsc_known_freq pni pclmulqdq dtes64 monitor ds_cpl vmx est tm2 ssse3 sdbg fma cx16 xtpr pdcm pcid sse4_1 sse4_2 x2apic movbe popcnt tsc_deadline_timer aes xsave avx f16c rdrand lahf_lm abm 3dnowprefetch cpuid_fault epb invpcid_single pti retpoline intel_pt rsb_ctxsw spec_ctrl tpr_shadow vnmi flexpriority ept vpid fsgsbase tsc_adjust bmi1 avx2 smep bmi2 erms invpcid mpx rdseed adx smap clflushopt xsaveopt xsavec xgetbv1 xsaves dtherm ida arat pln pts hwp hwp_notify hwp_act_window hwp_epp
bugs		: cpu_meltdown spectre_v1 spectre_v2 spec_store_bypass
bogomips	: 4416.00
clflush size	: 64
cache_alignment	: 64
address sizes	: 39 bits physical, 48 bits virtual
power management:



Memory: 4k page, physical 16310148k(158904k free), swap 2097148k(0k free)

vm_info: OpenJDK 64-Bit Server VM (25.171-b11) for linux-amd64 JRE (1.8.0_171-8u171-b11-0ubuntu0.17.10.1-b11), built on Apr 26 2018 15:59:34 by "buildd" with gcc 7.2.0

time: Tue Aug 21 15:02:58 2018
elapsed time: 0 seconds (0d 0h 0m 0s)

